<?xml version="1.0" encoding="utf-8"?>
<CoverageSession xmlns:xsd="http://www.w3.org/2001/XMLSchema" xmlns:xsi="http://www.w3.org/2001/XMLSchema-instance" Version="0.0.0.0">
  <Summary numSequencePoints="0" visitedSequencePoints="0" numBranchPoints="0" visitedBranchPoints="0" sequenceCoverage="0" branchCoverage="0" maxCyclomaticComplexity="0" minCyclomaticComplexity="0" maxCrapScore="0" minCrapScore="0" visitedClasses="0" numClasses="0" visitedMethods="0" numMethods="0" />
  <Modules>
    <Module>
      <Summary numSequencePoints="0" visitedSequencePoints="0" numBranchPoints="0" visitedBranchPoints="0" sequenceCoverage="0" branchCoverage="0" maxCyclomaticComplexity="0" minCyclomaticComplexity="0" maxCrapScore="0" minCrapScore="0" visitedClasses="0" numClasses="0" visitedMethods="0" numMethods="0" />
      <ModuleTime>0001-01-01T00:00:00</ModuleTime>
      <ModuleName>Assembly-CSharp-Editor</ModuleName>
      <Files>
        <File uid="1" fullPath="C:\Users\Dilmer\Code\XRToolKitPlayerController\Assets\TutorialInfo\Scripts\Editor\ReadmeEditor.cs" />
      </Files>
      <Classes>
        <Class>
          <Summary numSequencePoints="0" visitedSequencePoints="0" numBranchPoints="0" visitedBranchPoints="0" sequenceCoverage="0" branchCoverage="0" maxCyclomaticComplexity="0" minCyclomaticComplexity="0" maxCrapScore="0" minCrapScore="0" visitedClasses="0" numClasses="0" visitedMethods="0" numMethods="0" />
          <FullName>ReadmeEditor</FullName>
          <Methods>
            <Method visited="false" cyclomaticComplexity="0" nPathComplexity="0" sequenceCoverage="0.0" branchCoverage="0" crapScore="0" isConstructor="false" isStatic="true" isGetter="false" isSetter="false">
              <Summary numSequencePoints="0" visitedSequencePoints="0" numBranchPoints="0" visitedBranchPoints="0" sequenceCoverage="0.0" branchCoverage="0" maxCyclomaticComplexity="0" minCyclomaticComplexity="0" maxCrapScore="0" minCrapScore="0" visitedClasses="0" numClasses="0" visitedMethods="0" numMethods="0" />
              <MetadataToken>100663298</MetadataToken>
              <Name>static System.Void ReadmeEditor::SelectReadmeAutomatically()</Name>
              <FileRef uid="1" />
              <SequencePoints>
                <SequencePoint vc="0" uspid="1" ordinal="0" offset="0" sl="23" sc="2" el="23" ec="2" bec="0" bev="0" fileid="1" />
                <SequencePoint vc="0" uspid="2" ordinal="0" offset="1" sl="24" sc="3" el="24" ec="3" bec="0" bev="0" fileid="1" />
                <SequencePoint vc="0" uspid="3" ordinal="0" offset="19" sl="25" sc="3" el="25" ec="3" bec="0" bev="0" fileid="1" />
                <SequencePoint vc="0" uspid="4" ordinal="0" offset="20" sl="26" sc="4" el="26" ec="4" bec="0" bev="0" fileid="1" />
                <SequencePoint vc="0" uspid="5" ordinal="0" offset="26" sl="27" sc="4" el="27" ec="4" bec="0" bev="0" fileid="1" />
                <SequencePoint vc="0" uspid="6" ordinal="0" offset="38" sl="29" sc="4" el="29" ec="4" bec="0" bev="0" fileid="1" />
                <SequencePoint vc="0" uspid="7" ordinal="0" offset="62" sl="30" sc="4" el="30" ec="4" bec="0" bev="0" fileid="1" />
                <SequencePoint vc="0" uspid="8" ordinal="0" offset="63" sl="31" sc="5" el="31" ec="5" bec="0" bev="0" fileid="1" />
                <SequencePoint vc="0" uspid="9" ordinal="0" offset="69" sl="32" sc="5" el="32" ec="5" bec="0" bev="0" fileid="1" />
                <SequencePoint vc="0" uspid="10" ordinal="0" offset="76" sl="33" sc="4" el="33" ec="4" bec="0" bev="0" fileid="1" />
                <SequencePoint vc="0" uspid="11" ordinal="0" offset="77" sl="34" sc="3" el="34" ec="3" bec="0" bev="0" fileid="1" />
                <SequencePoint vc="0" uspid="12" ordinal="0" offset="78" sl="35" sc="2" el="35" ec="2" bec="0" bev="0" fileid="1" />
              </SequencePoints>
              <BranchPoints />
            </Method>
            <Method visited="false" cyclomaticComplexity="0" nPathComplexity="0" sequenceCoverage="0.0" branchCoverage="0" crapScore="0" isConstructor="false" isStatic="true" isGetter="false" isSetter="false">
              <Summary numSequencePoints="0" visitedSequencePoints="0" numBranchPoints="0" visitedBranchPoints="0" sequenceCoverage="0.0" branchCoverage="0" maxCyclomaticComplexity="0" minCyclomaticComplexity="0" maxCrapScore="0" minCrapScore="0" visitedClasses="0" numClasses="0" visitedMethods="0" numMethods="0" />
              <MetadataToken>100663299</MetadataToken>
              <Name>static System.Void ReadmeEditor::LoadLayout()</Name>
              <FileRef uid="1" />
              <SequencePoints>
                <SequencePoint vc="0" uspid="13" ordinal="0" offset="0" sl="38" sc="0" el="38" ec="0" bec="0" bev="0" fileid="1" />
                <SequencePoint vc="0" uspid="14" ordinal="0" offset="1" sl="39" sc="0" el="39" ec="0" bec="0" bev="0" fileid="1" />
                <SequencePoint vc="0" uspid="15" ordinal="0" offset="17" sl="40" sc="0" el="40" ec="0" bec="0" bev="0" fileid="1" />
                <SequencePoint vc="0" uspid="16" ordinal="0" offset="30" sl="41" sc="0" el="41" ec="0" bec="0" bev="0" fileid="1" />
                <SequencePoint vc="0" uspid="17" ordinal="0" offset="44" sl="42" sc="0" el="42" ec="0" bec="0" bev="0" fileid="1" />
                <SequencePoint vc="0" uspid="18" ordinal="0" offset="85" sl="43" sc="0" el="43" ec="0" bec="0" bev="0" fileid="1" />
              </SequencePoints>
              <BranchPoints />
            </Method>
            <Method visited="false" cyclomaticComplexity="0" nPathComplexity="0" sequenceCoverage="0.0" branchCoverage="0" crapScore="0" isConstructor="false" isStatic="true" isGetter="false" isSetter="false">
              <Summary numSequencePoints="0" visitedSequencePoints="0" numBranchPoints="0" visitedBranchPoints="0" sequenceCoverage="0.0" branchCoverage="0" maxCyclomaticComplexity="0" minCyclomaticComplexity="0" maxCrapScore="0" minCrapScore="0" visitedClasses="0" numClasses="0" visitedMethods="0" numMethods="0" />
              <MetadataToken>100663300</MetadataToken>
              <Name>static Readme ReadmeEditor::SelectReadme()</Name>
              <FileRef uid="1" />
              <SequencePoints>
                <SequencePoint vc="0" uspid="19" ordinal="0" offset="0" sl="47" sc="0" el="47" ec="0" bec="0" bev="0" fileid="1" />
                <SequencePoint vc="0" uspid="20" ordinal="0" offset="1" sl="48" sc="0" el="48" ec="0" bec="0" bev="0" fileid="1" />
                <SequencePoint vc="0" uspid="21" ordinal="0" offset="12" sl="49" sc="0" el="49" ec="0" bec="0" bev="0" fileid="1" />
                <SequencePoint vc="0" uspid="22" ordinal="0" offset="22" sl="50" sc="0" el="50" ec="0" bec="0" bev="0" fileid="1" />
                <SequencePoint vc="0" uspid="23" ordinal="0" offset="23" sl="51" sc="0" el="51" ec="0" bec="0" bev="0" fileid="1" />
                <SequencePoint vc="0" uspid="24" ordinal="0" offset="37" sl="53" sc="0" el="53" ec="0" bec="0" bev="0" fileid="1" />
                <SequencePoint vc="0" uspid="25" ordinal="0" offset="53" sl="55" sc="0" el="55" ec="0" bec="0" bev="0" fileid="1" />
                <SequencePoint vc="0" uspid="26" ordinal="0" offset="62" sl="58" sc="0" el="58" ec="0" bec="0" bev="0" fileid="1" />
                <SequencePoint vc="0" uspid="27" ordinal="0" offset="63" sl="59" sc="0" el="59" ec="0" bec="0" bev="0" fileid="1" />
                <SequencePoint vc="0" uspid="28" ordinal="0" offset="74" sl="60" sc="0" el="60" ec="0" bec="0" bev="0" fileid="1" />
                <SequencePoint vc="0" uspid="29" ordinal="0" offset="78" sl="62" sc="0" el="62" ec="0" bec="0" bev="0" fileid="1" />
              </SequencePoints>
              <BranchPoints />
            </Method>
            <Method visited="false" cyclomaticComplexity="0" nPathComplexity="0" sequenceCoverage="0.0" branchCoverage="0" crapScore="0" isConstructor="false" isStatic="false" isGetter="false" isSetter="false">
              <Summary numSequencePoints="0" visitedSequencePoints="0" numBranchPoints="0" visitedBranchPoints="0" sequenceCoverage="0.0" branchCoverage="0" maxCyclomaticComplexity="0" minCyclomaticComplexity="0" maxCrapScore="0" minCrapScore="0" visitedClasses="0" numClasses="0" visitedMethods="0" numMethods="0" />
              <MetadataToken>100663301</MetadataToken>
              <Name>System.Void ReadmeEditor::OnHeaderGUI()</Name>
              <FileRef uid="1" />
              <SequencePoints>
                <SequencePoint vc="0" uspid="30" ordinal="0" offset="0" sl="65" sc="0" el="65" ec="0" bec="0" bev="0" fileid="1" />
                <SequencePoint vc="0" uspid="31" ordinal="0" offset="1" sl="66" sc="0" el="66" ec="0" bec="0" bev="0" fileid="1" />
                <SequencePoint vc="0" uspid="32" ordinal="0" offset="13" sl="67" sc="0" el="67" ec="0" bec="0" bev="0" fileid="1" />
                <SequencePoint vc="0" uspid="33" ordinal="0" offset="20" sl="69" sc="0" el="69" ec="0" bec="0" bev="0" fileid="1" />
                <SequencePoint vc="0" uspid="34" ordinal="0" offset="48" sl="71" sc="0" el="71" ec="0" bec="0" bev="0" fileid="1" />
                <SequencePoint vc="0" uspid="35" ordinal="0" offset="69" sl="72" sc="0" el="72" ec="0" bec="0" bev="0" fileid="1" />
                <SequencePoint vc="0" uspid="36" ordinal="0" offset="70" sl="73" sc="0" el="73" ec="0" bec="0" bev="0" fileid="1" />
                <SequencePoint vc="0" uspid="37" ordinal="0" offset="106" sl="74" sc="0" el="74" ec="0" bec="0" bev="0" fileid="1" />
                <SequencePoint vc="0" uspid="38" ordinal="0" offset="129" sl="75" sc="0" el="75" ec="0" bec="0" bev="0" fileid="1" />
                <SequencePoint vc="0" uspid="39" ordinal="0" offset="130" sl="76" sc="0" el="76" ec="0" bec="0" bev="0" fileid="1" />
                <SequencePoint vc="0" uspid="40" ordinal="0" offset="136" sl="77" sc="0" el="77" ec="0" bec="0" bev="0" fileid="1" />
              </SequencePoints>
              <BranchPoints />
            </Method>
            <Method visited="false" cyclomaticComplexity="0" nPathComplexity="0" sequenceCoverage="0.0" branchCoverage="0" crapScore="0" isConstructor="false" isStatic="false" isGetter="false" isSetter="false">
              <Summary numSequencePoints="0" visitedSequencePoints="0" numBranchPoints="0" visitedBranchPoints="0" sequenceCoverage="0.0" branchCoverage="0" maxCyclomaticComplexity="0" minCyclomaticComplexity="0" maxCrapScore="0" minCrapScore="0" visitedClasses="0" numClasses="0" visitedMethods="0" numMethods="0" />
              <MetadataToken>100663302</MetadataToken>
              <Name>System.Void ReadmeEditor::OnInspectorGUI()</Name>
              <FileRef uid="1" />
              <SequencePoints>
                <SequencePoint vc="0" uspid="41" ordinal="0" offset="0" sl="80" sc="0" el="80" ec="0" bec="0" bev="0" fileid="1" />
                <SequencePoint vc="0" uspid="42" ordinal="0" offset="1" sl="81" sc="0" el="81" ec="0" bec="0" bev="0" fileid="1" />
                <SequencePoint vc="0" uspid="43" ordinal="0" offset="13" sl="82" sc="0" el="82" ec="0" bec="0" bev="0" fileid="1" />
                <SequencePoint vc="0" uspid="44" ordinal="0" offset="20" sl="84" sc="0" el="84" ec="0" bec="0" bev="0" fileid="1" />
                <SequencePoint vc="0" uspid="45" ordinal="0" offset="21" sl="84" sc="0" el="84" ec="0" bec="0" bev="0" fileid="1" />
                <SequencePoint vc="0" uspid="46" ordinal="0" offset="35" sl="84" sc="0" el="84" ec="0" bec="0" bev="0" fileid="1" />
                <SequencePoint vc="0" uspid="47" ordinal="0" offset="39" sl="85" sc="0" el="85" ec="0" bec="0" bev="0" fileid="1" />
                <SequencePoint vc="0" uspid="48" ordinal="0" offset="40" sl="86" sc="0" el="86" ec="0" bec="0" bev="0" fileid="1" />
                <SequencePoint vc="0" uspid="49" ordinal="0" offset="60" sl="87" sc="0" el="87" ec="0" bec="0" bev="0" fileid="1" />
                <SequencePoint vc="0" uspid="50" ordinal="0" offset="61" sl="88" sc="0" el="88" ec="0" bec="0" bev="0" fileid="1" />
                <SequencePoint vc="0" uspid="51" ordinal="0" offset="84" sl="89" sc="0" el="89" ec="0" bec="0" bev="0" fileid="1" />
                <SequencePoint vc="0" uspid="52" ordinal="0" offset="85" sl="90" sc="0" el="90" ec="0" bec="0" bev="0" fileid="1" />
                <SequencePoint vc="0" uspid="53" ordinal="0" offset="105" sl="91" sc="0" el="91" ec="0" bec="0" bev="0" fileid="1" />
                <SequencePoint vc="0" uspid="54" ordinal="0" offset="106" sl="92" sc="0" el="92" ec="0" bec="0" bev="0" fileid="1" />
                <SequencePoint vc="0" uspid="55" ordinal="0" offset="129" sl="93" sc="0" el="93" ec="0" bec="0" bev="0" fileid="1" />
                <SequencePoint vc="0" uspid="56" ordinal="0" offset="130" sl="94" sc="0" el="94" ec="0" bec="0" bev="0" fileid="1" />
                <SequencePoint vc="0" uspid="57" ordinal="0" offset="150" sl="95" sc="0" el="95" ec="0" bec="0" bev="0" fileid="1" />
                <SequencePoint vc="0" uspid="58" ordinal="0" offset="151" sl="96" sc="0" el="96" ec="0" bec="0" bev="0" fileid="1" />
                <SequencePoint vc="0" uspid="59" ordinal="0" offset="179" sl="97" sc="0" el="97" ec="0" bec="0" bev="0" fileid="1" />
                <SequencePoint vc="0" uspid="60" ordinal="0" offset="180" sl="98" sc="0" el="98" ec="0" bec="0" bev="0" fileid="1" />
                <SequencePoint vc="0" uspid="61" ordinal="0" offset="192" sl="99" sc="0" el="99" ec="0" bec="0" bev="0" fileid="1" />
                <SequencePoint vc="0" uspid="62" ordinal="0" offset="193" sl="100" sc="0" el="100" ec="0" bec="0" bev="0" fileid="1" />
                <SequencePoint vc="0" uspid="63" ordinal="0" offset="194" sl="101" sc="0" el="101" ec="0" bec="0" bev="0" fileid="1" />
                <SequencePoint vc="0" uspid="64" ordinal="0" offset="205" sl="102" sc="0" el="102" ec="0" bec="0" bev="0" fileid="1" />
                <SequencePoint vc="0" uspid="65" ordinal="0" offset="210" sl="84" sc="0" el="84" ec="0" bec="0" bev="0" fileid="1" />
                <SequencePoint vc="0" uspid="66" ordinal="0" offset="219" sl="103" sc="0" el="103" ec="0" bec="0" bev="0" fileid="1" />
              </SequencePoints>
              <BranchPoints />
            </Method>
            <Method visited="false" cyclomaticComplexity="0" nPathComplexity="0" sequenceCoverage="0.0" branchCoverage="0" crapScore="0" isConstructor="false" isStatic="false" isGetter="true" isSetter="false">
              <Summary numSequencePoints="0" visitedSequencePoints="0" numBranchPoints="0" visitedBranchPoints="0" sequenceCoverage="0.0" branchCoverage="0" maxCyclomaticComplexity="0" minCyclomaticComplexity="0" maxCrapScore="0" minCrapScore="0" visitedClasses="0" numClasses="0" visitedMethods="0" numMethods="0" />
              <MetadataToken>100663303</MetadataToken>
              <Name>UnityEngine.GUIStyle ReadmeEditor::get_LinkStyle()</Name>
              <FileRef uid="1" />
              <SequencePoints>
                <SequencePoint vc="0" uspid="67" ordinal="0" offset="0" sl="108" sc="0" el="108" ec="0" bec="0" bev="0" fileid="1" />
                <SequencePoint vc="0" uspid="68" ordinal="0" offset="1" sl="108" sc="0" el="108" ec="0" bec="0" bev="0" fileid="1" />
                <SequencePoint vc="0" uspid="69" ordinal="0" offset="10" sl="108" sc="0" el="108" ec="0" bec="0" bev="0" fileid="1" />
              </SequencePoints>
              <BranchPoints />
            </Method>
            <Method visited="false" cyclomaticComplexity="0" nPathComplexity="0" sequenceCoverage="0.0" branchCoverage="0" crapScore="0" isConstructor="false" isStatic="false" isGetter="true" isSetter="false">
              <Summary numSequencePoints="0" visitedSequencePoints="0" numBranchPoints="0" visitedBranchPoints="0" sequenceCoverage="0.0" branchCoverage="0" maxCyclomaticComplexity="0" minCyclomaticComplexity="0" maxCrapScore="0" minCrapScore="0" visitedClasses="0" numClasses="0" visitedMethods="0" numMethods="0" />
              <MetadataToken>100663304</MetadataToken>
              <Name>UnityEngine.GUIStyle ReadmeEditor::get_TitleStyle()</Name>
              <FileRef uid="1" />
              <SequencePoints>
                <SequencePoint vc="0" uspid="70" ordinal="0" offset="0" sl="111" sc="0" el="111" ec="0" bec="0" bev="0" fileid="1" />
                <SequencePoint vc="0" uspid="71" ordinal="0" offset="1" sl="111" sc="0" el="111" ec="0" bec="0" bev="0" fileid="1" />
                <SequencePoint vc="0" uspid="72" ordinal="0" offset="10" sl="111" sc="0" el="111" ec="0" bec="0" bev="0" fileid="1" />
              </SequencePoints>
              <BranchPoints />
            </Method>
            <Method visited="false" cyclomaticComplexity="0" nPathComplexity="0" sequenceCoverage="0.0" branchCoverage="0" crapScore="0" isConstructor="false" isStatic="false" isGetter="true" isSetter="false">
              <Summary numSequencePoints="0" visitedSequencePoints="0" numBranchPoints="0" visitedBranchPoints="0" sequenceCoverage="0.0" branchCoverage="0" maxCyclomaticComplexity="0" minCyclomaticComplexity="0" maxCrapScore="0" minCrapScore="0" visitedClasses="0" numClasses="0" visitedMethods="0" numMethods="0" />
              <MetadataToken>100663305</MetadataToken>
              <Name>UnityEngine.GUIStyle ReadmeEditor::get_HeadingStyle()</Name>
              <FileRef uid="1" />
              <SequencePoints>
                <SequencePoint vc="0" uspid="73" ordinal="0" offset="0" sl="114" sc="0" el="114" ec="0" bec="0" bev="0" fileid="1" />
                <SequencePoint vc="0" uspid="74" ordinal="0" offset="1" sl="114" sc="0" el="114" ec="0" bec="0" bev="0" fileid="1" />
                <SequencePoint vc="0" uspid="75" ordinal="0" offset="10" sl="114" sc="0" el="114" ec="0" bec="0" bev="0" fileid="1" />
              </SequencePoints>
              <BranchPoints />
            </Method>
            <Method visited="false" cyclomaticComplexity="0" nPathComplexity="0" sequenceCoverage="0.0" branchCoverage="0" crapScore="0" isConstructor="false" isStatic="false" isGetter="true" isSetter="false">
              <Summary numSequencePoints="0" visitedSequencePoints="0" numBranchPoints="0" visitedBranchPoints="0" sequenceCoverage="0.0" branchCoverage="0" maxCyclomaticComplexity="0" minCyclomaticComplexity="0" maxCrapScore="0" minCrapScore="0" visitedClasses="0" numClasses="0" visitedMethods="0" numMethods="0" />
              <MetadataToken>100663306</MetadataToken>
              <Name>UnityEngine.GUIStyle ReadmeEditor::get_BodyStyle()</Name>
              <FileRef uid="1" />
              <SequencePoints>
                <SequencePoint vc="0" uspid="76" ordinal="0" offset="0" sl="117" sc="0" el="117" ec="0" bec="0" bev="0" fileid="1" />
                <SequencePoint vc="0" uspid="77" ordinal="0" offset="1" sl="117" sc="0" el="117" ec="0" bec="0" bev="0" fileid="1" />
                <SequencePoint vc="0" uspid="78" ordinal="0" offset="10" sl="117" sc="0" el="117" ec="0" bec="0" bev="0" fileid="1" />
              </SequencePoints>
              <BranchPoints />
            </Method>
            <Method visited="false" cyclomaticComplexity="0" nPathComplexity="0" sequenceCoverage="0.0" branchCoverage="0" crapScore="0" isConstructor="false" isStatic="false" isGetter="false" isSetter="false">
              <Summary numSequencePoints="0" visitedSequencePoints="0" numBranchPoints="0" visitedBranchPoints="0" sequenceCoverage="0.0" branchCoverage="0" maxCyclomaticComplexity="0" minCyclomaticComplexity="0" maxCrapScore="0" minCrapScore="0" visitedClasses="0" numClasses="0" visitedMethods="0" numMethods="0" />
              <MetadataToken>100663307</MetadataToken>
              <Name>System.Void ReadmeEditor::Init()</Name>
              <FileRef uid="1" />
              <SequencePoints>
                <SequencePoint vc="0" uspid="79" ordinal="0" offset="0" sl="121" sc="0" el="121" ec="0" bec="0" bev="0" fileid="1" />
                <SequencePoint vc="0" uspid="80" ordinal="0" offset="1" sl="122" sc="0" el="122" ec="0" bec="0" bev="0" fileid="1" />
                <SequencePoint vc="0" uspid="81" ordinal="0" offset="11" sl="123" sc="0" el="123" ec="0" bec="0" bev="0" fileid="1" />
                <SequencePoint vc="0" uspid="82" ordinal="0" offset="16" sl="124" sc="0" el="124" ec="0" bec="0" bev="0" fileid="1" />
                <SequencePoint vc="0" uspid="83" ordinal="0" offset="32" sl="125" sc="0" el="125" ec="0" bec="0" bev="0" fileid="1" />
                <SequencePoint vc="0" uspid="84" ordinal="0" offset="45" sl="126" sc="0" el="126" ec="0" bec="0" bev="0" fileid="1" />
                <SequencePoint vc="0" uspid="85" ordinal="0" offset="59" sl="128" sc="0" el="128" ec="0" bec="0" bev="0" fileid="1" />
                <SequencePoint vc="0" uspid="86" ordinal="0" offset="76" sl="129" sc="0" el="129" ec="0" bec="0" bev="0" fileid="1" />
                <SequencePoint vc="0" uspid="87" ordinal="0" offset="90" sl="131" sc="0" el="131" ec="0" bec="0" bev="0" fileid="1" />
                <SequencePoint vc="0" uspid="88" ordinal="0" offset="107" sl="132" sc="0" el="132" ec="0" bec="0" bev="0" fileid="1" />
                <SequencePoint vc="0" uspid="89" ordinal="0" offset="121" sl="134" sc="0" el="134" ec="0" bec="0" bev="0" fileid="1" />
                <SequencePoint vc="0" uspid="90" ordinal="0" offset="138" sl="135" sc="0" el="135" ec="0" bec="0" bev="0" fileid="1" />
                <SequencePoint vc="0" uspid="91" ordinal="0" offset="151" sl="137" sc="0" el="137" ec="0" bec="0" bev="0" fileid="1" />
                <SequencePoint vc="0" uspid="92" ordinal="0" offset="193" sl="138" sc="0" el="138" ec="0" bec="0" bev="0" fileid="1" />
                <SequencePoint vc="0" uspid="93" ordinal="0" offset="206" sl="140" sc="0" el="140" ec="0" bec="0" bev="0" fileid="1" />
                <SequencePoint vc="0" uspid="94" ordinal="0" offset="213" sl="141" sc="0" el="141" ec="0" bec="0" bev="0" fileid="1" />
              </SequencePoints>
              <BranchPoints />
            </Method>
            <Method visited="false" cyclomaticComplexity="0" nPathComplexity="0" sequenceCoverage="0.0" branchCoverage="0" crapScore="0" isConstructor="false" isStatic="false" isGetter="false" isSetter="false">
              <Summary numSequencePoints="0" visitedSequencePoints="0" numBranchPoints="0" visitedBranchPoints="0" sequenceCoverage="0.0" branchCoverage="0" maxCyclomaticComplexity="0" minCyclomaticComplexity="0" maxCrapScore="0" minCrapScore="0" visitedClasses="0" numClasses="0" visitedMethods="0" numMethods="0" />
              <MetadataToken>100663308</MetadataToken>
              <Name>System.Boolean ReadmeEditor::LinkLabel(UnityEngine.GUIContent, UnityEngine.GUILayoutOption[])</Name>
              <FileRef uid="1" />
              <SequencePoints>
                <SequencePoint vc="0" uspid="95" ordinal="0" offset="0" sl="144" sc="0" el="144" ec="0" bec="0" bev="0" fileid="1" />
                <SequencePoint vc="0" uspid="96" ordinal="0" offset="1" sl="145" sc="0" el="145" ec="0" bec="0" bev="0" fileid="1" />
                <SequencePoint vc="0" uspid="97" ordinal="0" offset="15" sl="147" sc="0" el="147" ec="0" bec="0" bev="0" fileid="1" />
                <SequencePoint vc="0" uspid="98" ordinal="0" offset="21" sl="148" sc="0" el="148" ec="0" bec="0" bev="0" fileid="1" />
                <SequencePoint vc="0" uspid="99" ordinal="0" offset="43" sl="149" sc="0" el="149" ec="0" bec="0" bev="0" fileid="1" />
                <SequencePoint vc="0" uspid="100" ordinal="0" offset="87" sl="150" sc="0" el="150" ec="0" bec="0" bev="0" fileid="1" />
                <SequencePoint vc="0" uspid="101" ordinal="0" offset="98" sl="151" sc="0" el="151" ec="0" bec="0" bev="0" fileid="1" />
                <SequencePoint vc="0" uspid="102" ordinal="0" offset="104" sl="153" sc="0" el="153" ec="0" bec="0" bev="0" fileid="1" />
                <SequencePoint vc="0" uspid="103" ordinal="0" offset="112" sl="155" sc="0" el="155" ec="0" bec="0" bev="0" fileid="1" />
                <SequencePoint vc="0" uspid="104" ordinal="0" offset="128" sl="156" sc="0" el="156" ec="0" bec="0" bev="0" fileid="1" />
              </SequencePoints>
              <BranchPoints />
            </Method>
            <Method visited="false" cyclomaticComplexity="0" nPathComplexity="0" sequenceCoverage="0.0" branchCoverage="0" crapScore="0" isConstructor="true" isStatic="true" isGetter="false" isSetter="false">
              <Summary numSequencePoints="0" visitedSequencePoints="0" numBranchPoints="0" visitedBranchPoints="0" sequenceCoverage="0.0" branchCoverage="0" maxCyclomaticComplexity="0" minCyclomaticComplexity="0" maxCrapScore="0" minCrapScore="0" visitedClasses="0" numClasses="0" visitedMethods="0" numMethods="0" />
              <MetadataToken>100663297</MetadataToken>
              <Name>static ReadmeEditor::ReadmeEditor()</Name>
              <FileRef uid="1" />
              <SequencePoints>
                <SequencePoint vc="0" uspid="105" ordinal="0" offset="0" sl="13" sc="2" el="13" ec="2" bec="0" bev="0" fileid="1" />
                <SequencePoint vc="0" uspid="106" ordinal="0" offset="10" sl="15" sc="2" el="15" ec="2" bec="0" bev="0" fileid="1" />
                <SequencePoint vc="0" uspid="107" ordinal="0" offset="20" sl="18" sc="2" el="18" ec="2" bec="0" bev="0" fileid="1" />
                <SequencePoint vc="0" uspid="108" ordinal="0" offset="21" sl="19" sc="3" el="19" ec="3" bec="0" bev="0" fileid="1" />
                <SequencePoint vc="0" uspid="109" ordinal="0" offset="53" sl="20" sc="2" el="20" ec="2" bec="0" bev="0" fileid="1" />
              </SequencePoints>
              <BranchPoints />
            </Method>
          </Methods>
        </Class>
      </Classes>
    </Module>
    <Module>
      <Summary numSequencePoints="0" visitedSequencePoints="0" numBranchPoints="0" visitedBranchPoints="0" sequenceCoverage="0" branchCoverage="0" maxCyclomaticComplexity="0" minCyclomaticComplexity="0" maxCrapScore="0" minCrapScore="0" visitedClasses="0" numClasses="0" visitedMethods="0" numMethods="0" />
      <ModuleTime>0001-01-01T00:00:00</ModuleTime>
      <ModuleName>GameAssemblyBinding</ModuleName>
      <Files>
        <File uid="2" fullPath="C:\Users\Dilmer\Code\XRToolKitPlayerController\Assets\Scripts\XRPlayerController.cs" />
        <File uid="3" fullPath="C:\Users\Dilmer\Code\XRToolKitPlayerController\Assets\Scripts\SimpleCameraController.cs" />
      </Files>
      <Classes>
        <Class>
          <Summary numSequencePoints="0" visitedSequencePoints="0" numBranchPoints="0" visitedBranchPoints="0" sequenceCoverage="0" branchCoverage="0" maxCyclomaticComplexity="0" minCyclomaticComplexity="0" maxCrapScore="0" minCrapScore="0" visitedClasses="0" numClasses="0" visitedMethods="0" numMethods="0" />
          <FullName>XRPlayerController</FullName>
          <Methods>
            <Method visited="true" cyclomaticComplexity="0" nPathComplexity="0" sequenceCoverage="100.0" branchCoverage="0" crapScore="0" isConstructor="false" isStatic="false" isGetter="false" isSetter="false">
              <Summary numSequencePoints="0" visitedSequencePoints="0" numBranchPoints="0" visitedBranchPoints="0" sequenceCoverage="100.0" branchCoverage="0" maxCyclomaticComplexity="0" minCyclomaticComplexity="0" maxCrapScore="0" minCrapScore="0" visitedClasses="0" numClasses="0" visitedMethods="0" numMethods="0" />
              <MetadataToken>100663297</MetadataToken>
              <Name>System.Void XRPlayerController::OnEnable()</Name>
              <FileRef uid="2" />
              <SequencePoints>
                <SequencePoint vc="2" uspid="110" ordinal="0" offset="0" sl="57" sc="5" el="57" ec="5" bec="0" bev="0" fileid="2" />
                <SequencePoint vc="2" uspid="111" ordinal="0" offset="1" sl="58" sc="9" el="58" ec="9" bec="0" bev="0" fileid="2" />
                <SequencePoint vc="2" uspid="112" ordinal="0" offset="13" sl="59" sc="9" el="59" ec="9" bec="0" bev="0" fileid="2" />
                <SequencePoint vc="2" uspid="113" ordinal="0" offset="25" sl="61" sc="9" el="61" ec="9" bec="0" bev="0" fileid="2" />
                <SequencePoint vc="2" uspid="114" ordinal="0" offset="39" sl="62" sc="9" el="62" ec="9" bec="0" bev="0" fileid="2" />
                <SequencePoint vc="2" uspid="115" ordinal="0" offset="57" sl="63" sc="9" el="63" ec="9" bec="0" bev="0" fileid="2" />
                <SequencePoint vc="2" uspid="116" ordinal="0" offset="75" sl="64" sc="9" el="64" ec="9" bec="0" bev="0" fileid="2" />
                <SequencePoint vc="2" uspid="117" ordinal="0" offset="93" sl="65" sc="9" el="65" ec="9" bec="0" bev="0" fileid="2" />
                <SequencePoint vc="2" uspid="118" ordinal="0" offset="111" sl="66" sc="5" el="66" ec="5" bec="0" bev="0" fileid="2" />
              </SequencePoints>
              <BranchPoints />
            </Method>
            <Method visited="true" cyclomaticComplexity="0" nPathComplexity="0" sequenceCoverage="100.0" branchCoverage="0" crapScore="0" isConstructor="false" isStatic="false" isGetter="false" isSetter="false">
              <Summary numSequencePoints="0" visitedSequencePoints="0" numBranchPoints="0" visitedBranchPoints="0" sequenceCoverage="100.0" branchCoverage="0" maxCyclomaticComplexity="0" minCyclomaticComplexity="0" maxCrapScore="0" minCrapScore="0" visitedClasses="0" numClasses="0" visitedMethods="0" numMethods="0" />
              <MetadataToken>100663298</MetadataToken>
              <Name>System.Void XRPlayerController::Start()</Name>
              <FileRef uid="2" />
              <SequencePoints>
                <SequencePoint vc="2" uspid="119" ordinal="0" offset="0" sl="69" sc="5" el="69" ec="5" bec="0" bev="0" fileid="2" />
                <SequencePoint vc="2" uspid="120" ordinal="0" offset="1" sl="70" sc="9" el="70" ec="9" bec="0" bev="0" fileid="2" />
                <SequencePoint vc="2" uspid="121" ordinal="0" offset="8" sl="71" sc="5" el="71" ec="5" bec="0" bev="0" fileid="2" />
              </SequencePoints>
              <BranchPoints />
            </Method>
            <Method visited="true" cyclomaticComplexity="0" nPathComplexity="0" sequenceCoverage="100.0" branchCoverage="0" crapScore="0" isConstructor="false" isStatic="false" isGetter="false" isSetter="false">
              <Summary numSequencePoints="0" visitedSequencePoints="0" numBranchPoints="0" visitedBranchPoints="0" sequenceCoverage="100.0" branchCoverage="0" maxCyclomaticComplexity="0" minCyclomaticComplexity="0" maxCrapScore="0" minCrapScore="0" visitedClasses="0" numClasses="0" visitedMethods="0" numMethods="0" />
              <MetadataToken>100663299</MetadataToken>
              <Name>System.Void XRPlayerController::GetDevice()</Name>
              <FileRef uid="2" />
              <SequencePoints>
                <SequencePoint vc="2" uspid="122" ordinal="0" offset="0" sl="74" sc="5" el="74" ec="5" bec="0" bev="0" fileid="2" />
                <SequencePoint vc="2" uspid="123" ordinal="0" offset="1" sl="75" sc="9" el="75" ec="9" bec="0" bev="0" fileid="2" />
                <SequencePoint vc="2" uspid="124" ordinal="0" offset="19" sl="76" sc="9" el="76" ec="9" bec="0" bev="0" fileid="2" />
                <SequencePoint vc="2" uspid="125" ordinal="0" offset="36" sl="77" sc="5" el="77" ec="5" bec="0" bev="0" fileid="2" />
              </SequencePoints>
              <BranchPoints />
            </Method>
            <Method visited="true" cyclomaticComplexity="0" nPathComplexity="0" sequenceCoverage="62.5" branchCoverage="0" crapScore="0" isConstructor="false" isStatic="false" isGetter="false" isSetter="false">
              <Summary numSequencePoints="0" visitedSequencePoints="0" numBranchPoints="0" visitedBranchPoints="0" sequenceCoverage="62.5" branchCoverage="0" maxCyclomaticComplexity="0" minCyclomaticComplexity="0" maxCrapScore="0" minCrapScore="0" visitedClasses="0" numClasses="0" visitedMethods="0" numMethods="0" />
              <MetadataToken>100663300</MetadataToken>
              <Name>System.Void XRPlayerController::Update()</Name>
              <FileRef uid="2" />
              <SequencePoints>
                <SequencePoint vc="151" uspid="126" ordinal="0" offset="0" sl="80" sc="5" el="80" ec="5" bec="0" bev="0" fileid="2" />
                <SequencePoint vc="151" uspid="127" ordinal="0" offset="1" sl="81" sc="9" el="81" ec="9" bec="0" bev="0" fileid="2" />
                <SequencePoint vc="0" uspid="128" ordinal="0" offset="13" sl="82" sc="9" el="82" ec="9" bec="0" bev="0" fileid="2" />
                <SequencePoint vc="0" uspid="129" ordinal="0" offset="14" sl="83" sc="13" el="83" ec="13" bec="0" bev="0" fileid="2" />
                <SequencePoint vc="0" uspid="130" ordinal="0" offset="21" sl="84" sc="9" el="84" ec="9" bec="0" bev="0" fileid="2" />
                <SequencePoint vc="151" uspid="131" ordinal="0" offset="22" sl="86" sc="9" el="86" ec="9" bec="0" bev="0" fileid="2" />
                <SequencePoint vc="151" uspid="132" ordinal="0" offset="29" sl="88" sc="9" el="88" ec="9" bec="0" bev="0" fileid="2" />
                <SequencePoint vc="151" uspid="133" ordinal="0" offset="42" sl="89" sc="5" el="89" ec="5" bec="0" bev="0" fileid="2" />
              </SequencePoints>
              <BranchPoints />
            </Method>
            <Method visited="true" cyclomaticComplexity="0" nPathComplexity="0" sequenceCoverage="30.8" branchCoverage="0" crapScore="0" isConstructor="false" isStatic="false" isGetter="false" isSetter="false">
              <Summary numSequencePoints="0" visitedSequencePoints="0" numBranchPoints="0" visitedBranchPoints="0" sequenceCoverage="30.8" branchCoverage="0" maxCyclomaticComplexity="0" minCyclomaticComplexity="0" maxCrapScore="0" minCrapScore="0" visitedClasses="0" numClasses="0" visitedMethods="0" numMethods="0" />
              <MetadataToken>100663301</MetadataToken>
              <Name>System.Void XRPlayerController::UpdateMovement()</Name>
              <FileRef uid="2" />
              <SequencePoints>
                <SequencePoint vc="151" uspid="134" ordinal="0" offset="0" sl="92" sc="5" el="92" ec="5" bec="0" bev="0" fileid="2" />
                <SequencePoint vc="151" uspid="135" ordinal="0" offset="1" sl="95" sc="9" el="95" ec="9" bec="0" bev="0" fileid="2" />
                <SequencePoint vc="151" uspid="136" ordinal="0" offset="7" sl="97" sc="9" el="97" ec="9" bec="0" bev="0" fileid="2" />
                <SequencePoint vc="0" uspid="137" ordinal="0" offset="44" sl="98" sc="9" el="98" ec="9" bec="0" bev="0" fileid="2" />
                <SequencePoint vc="0" uspid="138" ordinal="0" offset="45" sl="99" sc="13" el="99" ec="13" bec="0" bev="0" fileid="2" />
                <SequencePoint vc="0" uspid="139" ordinal="0" offset="67" sl="101" sc="13" el="101" ec="13" bec="0" bev="0" fileid="2" />
                <SequencePoint vc="0" uspid="140" ordinal="0" offset="87" sl="102" sc="13" el="102" ec="13" bec="0" bev="0" fileid="2" />
                <SequencePoint vc="0" uspid="141" ordinal="0" offset="108" sl="104" sc="13" el="104" ec="13" bec="0" bev="0" fileid="2" />
                <SequencePoint vc="0" uspid="142" ordinal="0" offset="126" sl="105" sc="13" el="105" ec="13" bec="0" bev="0" fileid="2" />
                <SequencePoint vc="0" uspid="143" ordinal="0" offset="144" sl="107" sc="13" el="107" ec="13" bec="0" bev="0" fileid="2" />
                <SequencePoint vc="0" uspid="144" ordinal="0" offset="175" sl="108" sc="13" el="108" ec="13" bec="0" bev="0" fileid="2" />
                <SequencePoint vc="0" uspid="145" ordinal="0" offset="207" sl="109" sc="9" el="109" ec="9" bec="0" bev="0" fileid="2" />
                <SequencePoint vc="151" uspid="146" ordinal="0" offset="208" sl="110" sc="5" el="110" ec="5" bec="0" bev="0" fileid="2" />
              </SequencePoints>
              <BranchPoints />
            </Method>
            <Method visited="true" cyclomaticComplexity="0" nPathComplexity="0" sequenceCoverage="35.0" branchCoverage="0" crapScore="0" isConstructor="false" isStatic="false" isGetter="false" isSetter="false">
              <Summary numSequencePoints="0" visitedSequencePoints="0" numBranchPoints="0" visitedBranchPoints="0" sequenceCoverage="35.0" branchCoverage="0" maxCyclomaticComplexity="0" minCyclomaticComplexity="0" maxCrapScore="0" minCrapScore="0" visitedClasses="0" numClasses="0" visitedMethods="0" numMethods="0" />
              <MetadataToken>100663302</MetadataToken>
              <Name>System.Void XRPlayerController::UpdateJump(UnityEngine.XR.InputDevice)</Name>
              <FileRef uid="2" />
              <SequencePoints>
                <SequencePoint vc="151" uspid="147" ordinal="0" offset="0" sl="113" sc="5" el="113" ec="5" bec="0" bev="0" fileid="2" />
                <SequencePoint vc="151" uspid="148" ordinal="0" offset="1" sl="114" sc="9" el="114" ec="9" bec="0" bev="0" fileid="2" />
                <SequencePoint vc="151" uspid="149" ordinal="0" offset="70" sl="116" sc="9" el="116" ec="9" bec="0" bev="0" fileid="2" />
                <SequencePoint vc="151" uspid="150" ordinal="0" offset="144" sl="118" sc="9" el="118" ec="9" bec="0" bev="0" fileid="2" />
                <SequencePoint vc="0" uspid="151" ordinal="0" offset="165" sl="119" sc="13" el="119" ec="13" bec="0" bev="0" fileid="2" />
                <SequencePoint vc="151" uspid="152" ordinal="0" offset="170" sl="123" sc="9" el="123" ec="9" bec="0" bev="0" fileid="2" />
                <SequencePoint vc="0" uspid="153" ordinal="0" offset="190" sl="124" sc="9" el="124" ec="9" bec="0" bev="0" fileid="2" />
                <SequencePoint vc="0" uspid="154" ordinal="0" offset="191" sl="125" sc="13" el="125" ec="13" bec="0" bev="0" fileid="2" />
                <SequencePoint vc="0" uspid="155" ordinal="0" offset="204" sl="126" sc="13" el="126" ec="13" bec="0" bev="0" fileid="2" />
                <SequencePoint vc="0" uspid="156" ordinal="0" offset="205" sl="127" sc="17" el="127" ec="17" bec="0" bev="0" fileid="2" />
                <SequencePoint vc="0" uspid="157" ordinal="0" offset="228" sl="128" sc="17" el="128" ec="17" bec="0" bev="0" fileid="2" />
                <SequencePoint vc="0" uspid="158" ordinal="0" offset="235" sl="129" sc="17" el="129" ec="17" bec="0" bev="0" fileid="2" />
                <SequencePoint vc="0" uspid="159" ordinal="0" offset="263" sl="130" sc="13" el="130" ec="13" bec="0" bev="0" fileid="2" />
                <SequencePoint vc="0" uspid="160" ordinal="0" offset="264" sl="131" sc="9" el="131" ec="9" bec="0" bev="0" fileid="2" />
                <SequencePoint vc="151" uspid="161" ordinal="0" offset="267" sl="132" sc="14" el="132" ec="14" bec="0" bev="0" fileid="2" />
                <SequencePoint vc="0" uspid="162" ordinal="0" offset="279" sl="133" sc="9" el="133" ec="9" bec="0" bev="0" fileid="2" />
                <SequencePoint vc="0" uspid="163" ordinal="0" offset="280" sl="134" sc="13" el="134" ec="13" bec="0" bev="0" fileid="2" />
                <SequencePoint vc="0" uspid="164" ordinal="0" offset="303" sl="135" sc="13" el="135" ec="13" bec="0" bev="0" fileid="2" />
                <SequencePoint vc="0" uspid="165" ordinal="0" offset="310" sl="136" sc="9" el="136" ec="9" bec="0" bev="0" fileid="2" />
                <SequencePoint vc="151" uspid="166" ordinal="0" offset="311" sl="137" sc="5" el="137" ec="5" bec="0" bev="0" fileid="2" />
              </SequencePoints>
              <BranchPoints />
            </Method>
            <Method visited="true" cyclomaticComplexity="0" nPathComplexity="0" sequenceCoverage="100.0" branchCoverage="0" crapScore="0" isConstructor="true" isStatic="false" isGetter="false" isSetter="false">
              <Summary numSequencePoints="0" visitedSequencePoints="0" numBranchPoints="0" visitedBranchPoints="0" sequenceCoverage="100.0" branchCoverage="0" maxCyclomaticComplexity="0" minCyclomaticComplexity="0" maxCrapScore="0" minCrapScore="0" visitedClasses="0" numClasses="0" visitedMethods="0" numMethods="0" />
              <MetadataToken>100663303</MetadataToken>
              <Name>XRPlayerController::XRPlayerController()</Name>
              <FileRef uid="2" />
              <SequencePoints>
                <SequencePoint vc="2" uspid="167" ordinal="0" offset="0" sl="13" sc="5" el="13" ec="5" bec="0" bev="0" fileid="2" />
                <SequencePoint vc="2" uspid="168" ordinal="0" offset="11" sl="16" sc="5" el="16" ec="5" bec="0" bev="0" fileid="2" />
                <SequencePoint vc="2" uspid="169" ordinal="0" offset="22" sl="19" sc="5" el="19" ec="5" bec="0" bev="0" fileid="2" />
                <SequencePoint vc="2" uspid="170" ordinal="0" offset="29" sl="22" sc="5" el="22" ec="5" bec="0" bev="0" fileid="2" />
                <SequencePoint vc="2" uspid="171" ordinal="0" offset="36" sl="26" sc="5" el="26" ec="5" bec="0" bev="0" fileid="2" />
                <SequencePoint vc="2" uspid="172" ordinal="0" offset="62" sl="29" sc="5" el="29" ec="5" bec="0" bev="0" fileid="2" />
                <SequencePoint vc="2" uspid="173" ordinal="0" offset="73" sl="32" sc="5" el="32" ec="5" bec="0" bev="0" fileid="2" />
                <SequencePoint vc="2" uspid="174" ordinal="0" offset="84" sl="35" sc="5" el="35" ec="5" bec="0" bev="0" fileid="2" />
                <SequencePoint vc="2" uspid="175" ordinal="0" offset="91" sl="47" sc="5" el="47" ec="5" bec="0" bev="0" fileid="2" />
              </SequencePoints>
              <BranchPoints />
            </Method>
          </Methods>
        </Class>
        <Class>
          <Summary numSequencePoints="0" visitedSequencePoints="0" numBranchPoints="0" visitedBranchPoints="0" sequenceCoverage="0" branchCoverage="0" maxCyclomaticComplexity="0" minCyclomaticComplexity="0" maxCrapScore="0" minCrapScore="0" visitedClasses="0" numClasses="0" visitedMethods="0" numMethods="0" />
          <FullName>UnityTemplateProjects.SimpleCameraController</FullName>
          <Methods>
            <Method visited="false" cyclomaticComplexity="0" nPathComplexity="0" sequenceCoverage="0.0" branchCoverage="0" crapScore="0" isConstructor="false" isStatic="false" isGetter="false" isSetter="false">
              <Summary numSequencePoints="0" visitedSequencePoints="0" numBranchPoints="0" visitedBranchPoints="0" sequenceCoverage="0.0" branchCoverage="0" maxCyclomaticComplexity="0" minCyclomaticComplexity="0" maxCrapScore="0" minCrapScore="0" visitedClasses="0" numClasses="0" visitedMethods="0" numMethods="0" />
              <MetadataToken>100663304</MetadataToken>
              <Name>System.Void UnityTemplateProjects.SimpleCameraController::OnEnable()</Name>
              <FileRef uid="3" />
              <SequencePoints>
                <SequencePoint vc="0" uspid="176" ordinal="0" offset="0" sl="74" sc="0" el="74" ec="0" bec="0" bev="0" fileid="3" />
                <SequencePoint vc="0" uspid="177" ordinal="0" offset="1" sl="75" sc="0" el="75" ec="0" bec="0" bev="0" fileid="3" />
                <SequencePoint vc="0" uspid="178" ordinal="0" offset="19" sl="76" sc="0" el="76" ec="0" bec="0" bev="0" fileid="3" />
                <SequencePoint vc="0" uspid="179" ordinal="0" offset="37" sl="77" sc="0" el="77" ec="0" bec="0" bev="0" fileid="3" />
              </SequencePoints>
              <BranchPoints />
            </Method>
            <Method visited="false" cyclomaticComplexity="0" nPathComplexity="0" sequenceCoverage="0.0" branchCoverage="0" crapScore="0" isConstructor="false" isStatic="false" isGetter="false" isSetter="false">
              <Summary numSequencePoints="0" visitedSequencePoints="0" numBranchPoints="0" visitedBranchPoints="0" sequenceCoverage="0.0" branchCoverage="0" maxCyclomaticComplexity="0" minCyclomaticComplexity="0" maxCrapScore="0" minCrapScore="0" visitedClasses="0" numClasses="0" visitedMethods="0" numMethods="0" />
              <MetadataToken>100663305</MetadataToken>
              <Name>UnityEngine.Vector3 UnityTemplateProjects.SimpleCameraController::GetInputTranslationDirection()</Name>
              <FileRef uid="3" />
              <SequencePoints>
                <SequencePoint vc="0" uspid="180" ordinal="0" offset="0" sl="80" sc="0" el="80" ec="0" bec="0" bev="0" fileid="3" />
                <SequencePoint vc="0" uspid="181" ordinal="0" offset="1" sl="81" sc="0" el="81" ec="0" bec="0" bev="0" fileid="3" />
                <SequencePoint vc="0" uspid="182" ordinal="0" offset="9" sl="82" sc="0" el="82" ec="0" bec="0" bev="0" fileid="3" />
                <SequencePoint vc="0" uspid="183" ordinal="0" offset="20" sl="83" sc="0" el="83" ec="0" bec="0" bev="0" fileid="3" />
                <SequencePoint vc="0" uspid="184" ordinal="0" offset="21" sl="84" sc="0" el="84" ec="0" bec="0" bev="0" fileid="3" />
                <SequencePoint vc="0" uspid="185" ordinal="0" offset="33" sl="85" sc="0" el="85" ec="0" bec="0" bev="0" fileid="3" />
                <SequencePoint vc="0" uspid="186" ordinal="0" offset="34" sl="86" sc="0" el="86" ec="0" bec="0" bev="0" fileid="3" />
                <SequencePoint vc="0" uspid="187" ordinal="0" offset="45" sl="87" sc="0" el="87" ec="0" bec="0" bev="0" fileid="3" />
                <SequencePoint vc="0" uspid="188" ordinal="0" offset="46" sl="88" sc="0" el="88" ec="0" bec="0" bev="0" fileid="3" />
                <SequencePoint vc="0" uspid="189" ordinal="0" offset="58" sl="89" sc="0" el="89" ec="0" bec="0" bev="0" fileid="3" />
                <SequencePoint vc="0" uspid="190" ordinal="0" offset="59" sl="90" sc="0" el="90" ec="0" bec="0" bev="0" fileid="3" />
                <SequencePoint vc="0" uspid="191" ordinal="0" offset="70" sl="91" sc="0" el="91" ec="0" bec="0" bev="0" fileid="3" />
                <SequencePoint vc="0" uspid="192" ordinal="0" offset="71" sl="92" sc="0" el="92" ec="0" bec="0" bev="0" fileid="3" />
                <SequencePoint vc="0" uspid="193" ordinal="0" offset="83" sl="93" sc="0" el="93" ec="0" bec="0" bev="0" fileid="3" />
                <SequencePoint vc="0" uspid="194" ordinal="0" offset="84" sl="94" sc="0" el="94" ec="0" bec="0" bev="0" fileid="3" />
                <SequencePoint vc="0" uspid="195" ordinal="0" offset="97" sl="95" sc="0" el="95" ec="0" bec="0" bev="0" fileid="3" />
                <SequencePoint vc="0" uspid="196" ordinal="0" offset="98" sl="96" sc="0" el="96" ec="0" bec="0" bev="0" fileid="3" />
                <SequencePoint vc="0" uspid="197" ordinal="0" offset="110" sl="97" sc="0" el="97" ec="0" bec="0" bev="0" fileid="3" />
                <SequencePoint vc="0" uspid="198" ordinal="0" offset="111" sl="98" sc="0" el="98" ec="0" bec="0" bev="0" fileid="3" />
                <SequencePoint vc="0" uspid="199" ordinal="0" offset="124" sl="99" sc="0" el="99" ec="0" bec="0" bev="0" fileid="3" />
                <SequencePoint vc="0" uspid="200" ordinal="0" offset="125" sl="100" sc="0" el="100" ec="0" bec="0" bev="0" fileid="3" />
                <SequencePoint vc="0" uspid="201" ordinal="0" offset="137" sl="101" sc="0" el="101" ec="0" bec="0" bev="0" fileid="3" />
                <SequencePoint vc="0" uspid="202" ordinal="0" offset="138" sl="102" sc="0" el="102" ec="0" bec="0" bev="0" fileid="3" />
                <SequencePoint vc="0" uspid="203" ordinal="0" offset="151" sl="103" sc="0" el="103" ec="0" bec="0" bev="0" fileid="3" />
                <SequencePoint vc="0" uspid="204" ordinal="0" offset="152" sl="104" sc="0" el="104" ec="0" bec="0" bev="0" fileid="3" />
                <SequencePoint vc="0" uspid="205" ordinal="0" offset="164" sl="105" sc="0" el="105" ec="0" bec="0" bev="0" fileid="3" />
                <SequencePoint vc="0" uspid="206" ordinal="0" offset="165" sl="106" sc="0" el="106" ec="0" bec="0" bev="0" fileid="3" />
                <SequencePoint vc="0" uspid="207" ordinal="0" offset="170" sl="107" sc="0" el="107" ec="0" bec="0" bev="0" fileid="3" />
              </SequencePoints>
              <BranchPoints />
            </Method>
            <Method visited="false" cyclomaticComplexity="0" nPathComplexity="0" sequenceCoverage="0.0" branchCoverage="0" crapScore="0" isConstructor="false" isStatic="false" isGetter="false" isSetter="false">
              <Summary numSequencePoints="0" visitedSequencePoints="0" numBranchPoints="0" visitedBranchPoints="0" sequenceCoverage="0.0" branchCoverage="0" maxCyclomaticComplexity="0" minCyclomaticComplexity="0" maxCrapScore="0" minCrapScore="0" visitedClasses="0" numClasses="0" visitedMethods="0" numMethods="0" />
              <MetadataToken>100663306</MetadataToken>
              <Name>System.Void UnityTemplateProjects.SimpleCameraController::Update()</Name>
              <FileRef uid="3" />
              <SequencePoints>
                <SequencePoint vc="0" uspid="208" ordinal="0" offset="0" sl="110" sc="0" el="110" ec="0" bec="0" bev="0" fileid="3" />
                <SequencePoint vc="0" uspid="209" ordinal="0" offset="1" sl="112" sc="0" el="112" ec="0" bec="0" bev="0" fileid="3" />
                <SequencePoint vc="0" uspid="210" ordinal="0" offset="12" sl="113" sc="0" el="113" ec="0" bec="0" bev="0" fileid="3" />
                <SequencePoint vc="0" uspid="211" ordinal="0" offset="13" sl="114" sc="0" el="114" ec="0" bec="0" bev="0" fileid="3" />
                <SequencePoint vc="0" uspid="212" ordinal="0" offset="19" sl="116" sc="0" el="116" ec="0" bec="0" bev="0" fileid="3" />
                <SequencePoint vc="0" uspid="213" ordinal="0" offset="26" sl="118" sc="0" el="118" ec="0" bec="0" bev="0" fileid="3" />
                <SequencePoint vc="0" uspid="214" ordinal="0" offset="27" sl="121" sc="0" el="121" ec="0" bec="0" bev="0" fileid="3" />
                <SequencePoint vc="0" uspid="215" ordinal="0" offset="39" sl="122" sc="0" el="122" ec="0" bec="0" bev="0" fileid="3" />
                <SequencePoint vc="0" uspid="216" ordinal="0" offset="40" sl="123" sc="0" el="123" ec="0" bec="0" bev="0" fileid="3" />
                <SequencePoint vc="0" uspid="217" ordinal="0" offset="47" sl="124" sc="0" el="124" ec="0" bec="0" bev="0" fileid="3" />
                <SequencePoint vc="0" uspid="218" ordinal="0" offset="48" sl="127" sc="0" el="127" ec="0" bec="0" bev="0" fileid="3" />
                <SequencePoint vc="0" uspid="219" ordinal="0" offset="60" sl="128" sc="0" el="128" ec="0" bec="0" bev="0" fileid="3" />
                <SequencePoint vc="0" uspid="220" ordinal="0" offset="61" sl="129" sc="0" el="129" ec="0" bec="0" bev="0" fileid="3" />
                <SequencePoint vc="0" uspid="221" ordinal="0" offset="68" sl="130" sc="0" el="130" ec="0" bec="0" bev="0" fileid="3" />
                <SequencePoint vc="0" uspid="222" ordinal="0" offset="75" sl="131" sc="0" el="131" ec="0" bec="0" bev="0" fileid="3" />
                <SequencePoint vc="0" uspid="223" ordinal="0" offset="76" sl="134" sc="0" el="134" ec="0" bec="0" bev="0" fileid="3" />
                <SequencePoint vc="0" uspid="224" ordinal="0" offset="88" sl="135" sc="0" el="135" ec="0" bec="0" bev="0" fileid="3" />
                <SequencePoint vc="0" uspid="225" ordinal="0" offset="89" sl="136" sc="0" el="136" ec="0" bec="0" bev="0" fileid="3" />
                <SequencePoint vc="0" uspid="226" ordinal="0" offset="130" sl="138" sc="0" el="138" ec="0" bec="0" bev="0" fileid="3" />
                <SequencePoint vc="0" uspid="227" ordinal="0" offset="150" sl="140" sc="0" el="140" ec="0" bec="0" bev="0" fileid="3" />
                <SequencePoint vc="0" uspid="228" ordinal="0" offset="178" sl="141" sc="0" el="141" ec="0" bec="0" bev="0" fileid="3" />
                <SequencePoint vc="0" uspid="229" ordinal="0" offset="206" sl="142" sc="0" el="142" ec="0" bec="0" bev="0" fileid="3" />
                <SequencePoint vc="0" uspid="230" ordinal="0" offset="207" sl="145" sc="0" el="145" ec="0" bec="0" bev="0" fileid="3" />
                <SequencePoint vc="0" uspid="231" ordinal="0" offset="224" sl="148" sc="0" el="148" ec="0" bec="0" bev="0" fileid="3" />
                <SequencePoint vc="0" uspid="232" ordinal="0" offset="240" sl="149" sc="0" el="149" ec="0" bec="0" bev="0" fileid="3" />
                <SequencePoint vc="0" uspid="233" ordinal="0" offset="241" sl="150" sc="0" el="150" ec="0" bec="0" bev="0" fileid="3" />
                <SequencePoint vc="0" uspid="234" ordinal="0" offset="253" sl="151" sc="0" el="151" ec="0" bec="0" bev="0" fileid="3" />
                <SequencePoint vc="0" uspid="235" ordinal="0" offset="254" sl="154" sc="0" el="154" ec="0" bec="0" bev="0" fileid="3" />
                <SequencePoint vc="0" uspid="236" ordinal="0" offset="283" sl="155" sc="0" el="155" ec="0" bec="0" bev="0" fileid="3" />
                <SequencePoint vc="0" uspid="237" ordinal="0" offset="306" sl="157" sc="0" el="157" ec="0" bec="0" bev="0" fileid="3" />
                <SequencePoint vc="0" uspid="238" ordinal="0" offset="319" sl="161" sc="0" el="161" ec="0" bec="0" bev="0" fileid="3" />
                <SequencePoint vc="0" uspid="239" ordinal="0" offset="354" sl="162" sc="0" el="162" ec="0" bec="0" bev="0" fileid="3" />
                <SequencePoint vc="0" uspid="240" ordinal="0" offset="389" sl="163" sc="0" el="163" ec="0" bec="0" bev="0" fileid="3" />
                <SequencePoint vc="0" uspid="241" ordinal="0" offset="409" sl="165" sc="0" el="165" ec="0" bec="0" bev="0" fileid="3" />
                <SequencePoint vc="0" uspid="242" ordinal="0" offset="427" sl="166" sc="0" el="166" ec="0" bec="0" bev="0" fileid="3" />
              </SequencePoints>
              <BranchPoints />
            </Method>
            <Method visited="false" cyclomaticComplexity="0" nPathComplexity="0" sequenceCoverage="0.0" branchCoverage="0" crapScore="0" isConstructor="true" isStatic="false" isGetter="false" isSetter="false">
              <Summary numSequencePoints="0" visitedSequencePoints="0" numBranchPoints="0" visitedBranchPoints="0" sequenceCoverage="0.0" branchCoverage="0" maxCyclomaticComplexity="0" minCyclomaticComplexity="0" maxCrapScore="0" minCrapScore="0" visitedClasses="0" numClasses="0" visitedMethods="0" numMethods="0" />
              <MetadataToken>100663307</MetadataToken>
              <Name>UnityTemplateProjects.SimpleCameraController::SimpleCameraController()</Name>
              <FileRef uid="3" />
              <SequencePoints>
                <SequencePoint vc="0" uspid="243" ordinal="0" offset="0" sl="53" sc="0" el="53" ec="0" bec="0" bev="0" fileid="3" />
                <SequencePoint vc="0" uspid="244" ordinal="0" offset="11" sl="54" sc="0" el="54" ec="0" bec="0" bev="0" fileid="3" />
                <SequencePoint vc="0" uspid="245" ordinal="0" offset="22" sl="58" sc="0" el="58" ec="0" bec="0" bev="0" fileid="3" />
                <SequencePoint vc="0" uspid="246" ordinal="0" offset="33" sl="61" sc="0" el="61" ec="0" bec="0" bev="0" fileid="3" />
                <SequencePoint vc="0" uspid="247" ordinal="0" offset="44" sl="65" sc="0" el="65" ec="0" bec="0" bev="0" fileid="3" />
                <SequencePoint vc="0" uspid="248" ordinal="0" offset="125" sl="68" sc="0" el="68" ec="0" bec="0" bev="0" fileid="3" />
                <SequencePoint vc="0" uspid="249" ordinal="0" offset="136" sl="71" sc="0" el="71" ec="0" bec="0" bev="0" fileid="3" />
              </SequencePoints>
              <BranchPoints />
            </Method>
          </Methods>
        </Class>
        <Class>
          <Summary numSequencePoints="0" visitedSequencePoints="0" numBranchPoints="0" visitedBranchPoints="0" sequenceCoverage="0" branchCoverage="0" maxCyclomaticComplexity="0" minCyclomaticComplexity="0" maxCrapScore="0" minCrapScore="0" visitedClasses="0" numClasses="0" visitedMethods="0" numMethods="0" />
          <FullName>UnityTemplateProjects.SimpleCameraController/CameraState</FullName>
          <Methods>
            <Method visited="false" cyclomaticComplexity="0" nPathComplexity="0" sequenceCoverage="0.0" branchCoverage="0" crapScore="0" isConstructor="false" isStatic="false" isGetter="false" isSetter="false">
              <Summary numSequencePoints="0" visitedSequencePoints="0" numBranchPoints="0" visitedBranchPoints="0" sequenceCoverage="0.0" branchCoverage="0" maxCyclomaticComplexity="0" minCyclomaticComplexity="0" maxCrapScore="0" minCrapScore="0" visitedClasses="0" numClasses="0" visitedMethods="0" numMethods="0" />
              <MetadataToken>100663308</MetadataToken>
              <Name>System.Void UnityTemplateProjects.SimpleCameraController/CameraState::SetFromTransform(UnityEngine.Transform)</Name>
              <FileRef uid="3" />
              <SequencePoints>
                <SequencePoint vc="0" uspid="250" ordinal="0" offset="0" sl="17" sc="0" el="17" ec="0" bec="0" bev="0" fileid="3" />
                <SequencePoint vc="0" uspid="251" ordinal="0" offset="1" sl="18" sc="0" el="18" ec="0" bec="0" bev="0" fileid="3" />
                <SequencePoint vc="0" uspid="252" ordinal="0" offset="18" sl="19" sc="0" el="19" ec="0" bec="0" bev="0" fileid="3" />
                <SequencePoint vc="0" uspid="253" ordinal="0" offset="35" sl="20" sc="0" el="20" ec="0" bec="0" bev="0" fileid="3" />
                <SequencePoint vc="0" uspid="254" ordinal="0" offset="52" sl="21" sc="0" el="21" ec="0" bec="0" bev="0" fileid="3" />
                <SequencePoint vc="0" uspid="255" ordinal="0" offset="69" sl="22" sc="0" el="22" ec="0" bec="0" bev="0" fileid="3" />
                <SequencePoint vc="0" uspid="256" ordinal="0" offset="86" sl="23" sc="0" el="23" ec="0" bec="0" bev="0" fileid="3" />
                <SequencePoint vc="0" uspid="257" ordinal="0" offset="103" sl="24" sc="0" el="24" ec="0" bec="0" bev="0" fileid="3" />
              </SequencePoints>
              <BranchPoints />
            </Method>
            <Method visited="false" cyclomaticComplexity="0" nPathComplexity="0" sequenceCoverage="0.0" branchCoverage="0" crapScore="0" isConstructor="false" isStatic="false" isGetter="false" isSetter="false">
              <Summary numSequencePoints="0" visitedSequencePoints="0" numBranchPoints="0" visitedBranchPoints="0" sequenceCoverage="0.0" branchCoverage="0" maxCyclomaticComplexity="0" minCyclomaticComplexity="0" maxCrapScore="0" minCrapScore="0" visitedClasses="0" numClasses="0" visitedMethods="0" numMethods="0" />
              <MetadataToken>100663309</MetadataToken>
              <Name>System.Void UnityTemplateProjects.SimpleCameraController/CameraState::Translate(UnityEngine.Vector3)</Name>
              <FileRef uid="3" />
              <SequencePoints>
                <SequencePoint vc="0" uspid="258" ordinal="0" offset="0" sl="27" sc="0" el="27" ec="0" bec="0" bev="0" fileid="3" />
                <SequencePoint vc="0" uspid="259" ordinal="0" offset="1" sl="28" sc="0" el="28" ec="0" bec="0" bev="0" fileid="3" />
                <SequencePoint vc="0" uspid="260" ordinal="0" offset="31" sl="30" sc="0" el="30" ec="0" bec="0" bev="0" fileid="3" />
                <SequencePoint vc="0" uspid="261" ordinal="0" offset="50" sl="31" sc="0" el="31" ec="0" bec="0" bev="0" fileid="3" />
                <SequencePoint vc="0" uspid="262" ordinal="0" offset="69" sl="32" sc="0" el="32" ec="0" bec="0" bev="0" fileid="3" />
                <SequencePoint vc="0" uspid="263" ordinal="0" offset="88" sl="33" sc="0" el="33" ec="0" bec="0" bev="0" fileid="3" />
              </SequencePoints>
              <BranchPoints />
            </Method>
            <Method visited="false" cyclomaticComplexity="0" nPathComplexity="0" sequenceCoverage="0.0" branchCoverage="0" crapScore="0" isConstructor="false" isStatic="false" isGetter="false" isSetter="false">
              <Summary numSequencePoints="0" visitedSequencePoints="0" numBranchPoints="0" visitedBranchPoints="0" sequenceCoverage="0.0" branchCoverage="0" maxCyclomaticComplexity="0" minCyclomaticComplexity="0" maxCrapScore="0" minCrapScore="0" visitedClasses="0" numClasses="0" visitedMethods="0" numMethods="0" />
              <MetadataToken>100663310</MetadataToken>
              <Name>System.Void UnityTemplateProjects.SimpleCameraController/CameraState::LerpTowards(UnityTemplateProjects.SimpleCameraController/CameraState, System.Single, System.Single)</Name>
              <FileRef uid="3" />
              <SequencePoints>
                <SequencePoint vc="0" uspid="264" ordinal="0" offset="0" sl="36" sc="0" el="36" ec="0" bec="0" bev="0" fileid="3" />
                <SequencePoint vc="0" uspid="265" ordinal="0" offset="1" sl="37" sc="0" el="37" ec="0" bec="0" bev="0" fileid="3" />
                <SequencePoint vc="0" uspid="266" ordinal="0" offset="25" sl="38" sc="0" el="38" ec="0" bec="0" bev="0" fileid="3" />
                <SequencePoint vc="0" uspid="267" ordinal="0" offset="49" sl="39" sc="0" el="39" ec="0" bec="0" bev="0" fileid="3" />
                <SequencePoint vc="0" uspid="268" ordinal="0" offset="73" sl="41" sc="0" el="41" ec="0" bec="0" bev="0" fileid="3" />
                <SequencePoint vc="0" uspid="269" ordinal="0" offset="97" sl="42" sc="0" el="42" ec="0" bec="0" bev="0" fileid="3" />
                <SequencePoint vc="0" uspid="270" ordinal="0" offset="121" sl="43" sc="0" el="43" ec="0" bec="0" bev="0" fileid="3" />
                <SequencePoint vc="0" uspid="271" ordinal="0" offset="145" sl="44" sc="0" el="44" ec="0" bec="0" bev="0" fileid="3" />
              </SequencePoints>
              <BranchPoints />
            </Method>
            <Method visited="false" cyclomaticComplexity="0" nPathComplexity="0" sequenceCoverage="0.0" branchCoverage="0" crapScore="0" isConstructor="false" isStatic="false" isGetter="false" isSetter="false">
              <Summary numSequencePoints="0" visitedSequencePoints="0" numBranchPoints="0" visitedBranchPoints="0" sequenceCoverage="0.0" branchCoverage="0" maxCyclomaticComplexity="0" minCyclomaticComplexity="0" maxCrapScore="0" minCrapScore="0" visitedClasses="0" numClasses="0" visitedMethods="0" numMethods="0" />
              <MetadataToken>100663311</MetadataToken>
              <Name>System.Void UnityTemplateProjects.SimpleCameraController/CameraState::UpdateTransform(UnityEngine.Transform)</Name>
              <FileRef uid="3" />
              <SequencePoints>
                <SequencePoint vc="0" uspid="272" ordinal="0" offset="0" sl="47" sc="0" el="47" ec="0" bec="0" bev="0" fileid="3" />
                <SequencePoint vc="0" uspid="273" ordinal="0" offset="1" sl="48" sc="0" el="48" ec="0" bec="0" bev="0" fileid="3" />
                <SequencePoint vc="0" uspid="274" ordinal="0" offset="31" sl="49" sc="0" el="49" ec="0" bec="0" bev="0" fileid="3" />
                <SequencePoint vc="0" uspid="275" ordinal="0" offset="61" sl="50" sc="0" el="50" ec="0" bec="0" bev="0" fileid="3" />
              </SequencePoints>
              <BranchPoints />
            </Method>
          </Methods>
        </Class>
      </Classes>
    </Module>
    <Module>
      <Summary numSequencePoints="0" visitedSequencePoints="0" numBranchPoints="0" visitedBranchPoints="0" sequenceCoverage="0" branchCoverage="0" maxCyclomaticComplexity="0" minCyclomaticComplexity="0" maxCrapScore="0" minCrapScore="0" visitedClasses="0" numClasses="0" visitedMethods="0" numMethods="0" />
      <ModuleTime>0001-01-01T00:00:00</ModuleTime>
      <ModuleName>Tests</ModuleName>
      <Files>
        <File uid="4" fullPath="C:\Users\Dilmer\Code\XRToolKitPlayerController\Assets\Scripts\Tests\XRPlayerControllerTests.cs" />
      </Files>
      <Classes>
        <Class>
          <Summary numSequencePoints="0" visitedSequencePoints="0" numBranchPoints="0" visitedBranchPoints="0" sequenceCoverage="0" branchCoverage="0" maxCyclomaticComplexity="0" minCyclomaticComplexity="0" maxCrapScore="0" minCrapScore="0" visitedClasses="0" numClasses="0" visitedMethods="0" numMethods="0" />
          <FullName>Tests.XRPlayerControllerTests</FullName>
          <Methods>
            <Method visited="true" cyclomaticComplexity="0" nPathComplexity="0" sequenceCoverage="100.0" branchCoverage="0" crapScore="0" isConstructor="false" isStatic="false" isGetter="true" isSetter="false">
              <Summary numSequencePoints="0" visitedSequencePoints="0" numBranchPoints="0" visitedBranchPoints="0" sequenceCoverage="100.0" branchCoverage="0" maxCyclomaticComplexity="0" minCyclomaticComplexity="0" maxCrapScore="0" minCrapScore="0" visitedClasses="0" numClasses="0" visitedMethods="0" numMethods="0" />
              <MetadataToken>100663297</MetadataToken>
              <Name>UnityEngine.XR.Interaction.Toolkit.XRRig Tests.XRPlayerControllerTests::get_XRRig()</Name>
              <FileRef uid="4" />
              <SequencePoints>
                <SequencePoint vc="2" uspid="276" ordinal="0" offset="0" sl="16" sc="31" el="16" ec="31" bec="0" bev="0" fileid="4" />
              </SequencePoints>
              <BranchPoints />
            </Method>
            <Method visited="true" cyclomaticComplexity="0" nPathComplexity="0" sequenceCoverage="100.0" branchCoverage="0" crapScore="0" isConstructor="false" isStatic="false" isGetter="false" isSetter="true">
              <Summary numSequencePoints="0" visitedSequencePoints="0" numBranchPoints="0" visitedBranchPoints="0" sequenceCoverage="100.0" branchCoverage="0" maxCyclomaticComplexity="0" minCyclomaticComplexity="0" maxCrapScore="0" minCrapScore="0" visitedClasses="0" numClasses="0" visitedMethods="0" numMethods="0" />
              <MetadataToken>100663298</MetadataToken>
              <Name>System.Void Tests.XRPlayerControllerTests::set_XRRig(UnityEngine.XR.Interaction.Toolkit.XRRig)</Name>
              <FileRef uid="4" />
              <SequencePoints>
                <SequencePoint vc="2" uspid="277" ordinal="0" offset="0" sl="16" sc="36" el="16" ec="36" bec="0" bev="0" fileid="4" />
              </SequencePoints>
              <BranchPoints />
            </Method>
            <Method visited="true" cyclomaticComplexity="0" nPathComplexity="0" sequenceCoverage="100.0" branchCoverage="0" crapScore="0" isConstructor="false" isStatic="false" isGetter="false" isSetter="false">
              <Summary numSequencePoints="0" visitedSequencePoints="0" numBranchPoints="0" visitedBranchPoints="0" sequenceCoverage="100.0" branchCoverage="0" maxCyclomaticComplexity="0" minCyclomaticComplexity="0" maxCrapScore="0" minCrapScore="0" visitedClasses="0" numClasses="0" visitedMethods="0" numMethods="0" />
              <MetadataToken>100663301</MetadataToken>
              <Name>System.Void Tests.XRPlayerControllerTests::XRPlayerController_XRRig_XRPlayerController_Exist()</Name>
              <FileRef uid="4" />
              <SequencePoints>
                <SequencePoint vc="1" uspid="278" ordinal="0" offset="0" sl="37" sc="9" el="37" ec="9" bec="0" bev="0" fileid="4" />
                <SequencePoint vc="1" uspid="279" ordinal="0" offset="1" sl="38" sc="13" el="38" ec="13" bec="0" bev="0" fileid="4" />
                <SequencePoint vc="1" uspid="280" ordinal="0" offset="18" sl="39" sc="9" el="39" ec="9" bec="0" bev="0" fileid="4" />
              </SequencePoints>
              <BranchPoints />
            </Method>
          </Methods>
        </Class>
        <Class>
          <Summary numSequencePoints="0" visitedSequencePoints="0" numBranchPoints="0" visitedBranchPoints="0" sequenceCoverage="0" branchCoverage="0" maxCyclomaticComplexity="0" minCyclomaticComplexity="0" maxCrapScore="0" minCrapScore="0" visitedClasses="0" numClasses="0" visitedMethods="0" numMethods="0" />
          <FullName>Tests.XRPlayerControllerTests/&lt;XRPlayerController_XRRig_Setup&gt;d__6</FullName>
          <Methods>
            <Method visited="true" cyclomaticComplexity="0" nPathComplexity="0" sequenceCoverage="100.0" branchCoverage="0" crapScore="0" isConstructor="false" isStatic="false" isGetter="false" isSetter="false">
              <Summary numSequencePoints="0" visitedSequencePoints="0" numBranchPoints="0" visitedBranchPoints="0" sequenceCoverage="100.0" branchCoverage="0" maxCyclomaticComplexity="0" minCyclomaticComplexity="0" maxCrapScore="0" minCrapScore="0" visitedClasses="0" numClasses="0" visitedMethods="0" numMethods="0" />
              <MetadataToken>100663305</MetadataToken>
              <Name>System.Boolean Tests.XRPlayerControllerTests/&lt;XRPlayerController_XRRig_Setup&gt;d__6::MoveNext()</Name>
              <FileRef uid="4" />
              <SequencePoints>
                <SequencePoint vc="2" uspid="281" ordinal="0" offset="31" sl="20" sc="9" el="20" ec="9" bec="0" bev="0" fileid="4" />
                <SequencePoint vc="2" uspid="282" ordinal="0" offset="32" sl="21" sc="13" el="21" ec="13" bec="0" bev="0" fileid="4" />
                <SequencePoint vc="2" uspid="283" ordinal="0" offset="43" sl="23" sc="13" el="23" ec="13" bec="0" bev="0" fileid="4" />
                <SequencePoint vc="2" uspid="284" ordinal="0" offset="75" sl="25" sc="13" el="25" ec="13" bec="0" bev="0" fileid="4" />
                <SequencePoint vc="2" uspid="285" ordinal="0" offset="92" sl="26" sc="9" el="26" ec="9" bec="0" bev="0" fileid="4" />
              </SequencePoints>
              <BranchPoints />
            </Method>
          </Methods>
        </Class>
        <Class>
          <Summary numSequencePoints="0" visitedSequencePoints="0" numBranchPoints="0" visitedBranchPoints="0" sequenceCoverage="0" branchCoverage="0" maxCyclomaticComplexity="0" minCyclomaticComplexity="0" maxCrapScore="0" minCrapScore="0" visitedClasses="0" numClasses="0" visitedMethods="0" numMethods="0" />
          <FullName>Tests.XRPlayerControllerTests/&lt;XRPlayerController_XRRig_With_WaitTime_Exist&gt;d__7</FullName>
          <Methods>
            <Method visited="true" cyclomaticComplexity="0" nPathComplexity="0" sequenceCoverage="100.0" branchCoverage="0" crapScore="0" isConstructor="false" isStatic="false" isGetter="false" isSetter="false">
              <Summary numSequencePoints="0" visitedSequencePoints="0" numBranchPoints="0" visitedBranchPoints="0" sequenceCoverage="100.0" branchCoverage="0" maxCyclomaticComplexity="0" minCyclomaticComplexity="0" maxCrapScore="0" minCrapScore="0" visitedClasses="0" numClasses="0" visitedMethods="0" numMethods="0" />
              <MetadataToken>100663311</MetadataToken>
              <Name>System.Boolean Tests.XRPlayerControllerTests/&lt;XRPlayerController_XRRig_With_WaitTime_Exist&gt;d__7::MoveNext()</Name>
              <FileRef uid="4" />
              <SequencePoints>
                <SequencePoint vc="1" uspid="286" ordinal="0" offset="31" sl="30" sc="9" el="30" ec="9" bec="0" bev="0" fileid="4" />
                <SequencePoint vc="1" uspid="287" ordinal="0" offset="32" sl="31" sc="13" el="31" ec="13" bec="0" bev="0" fileid="4" />
                <SequencePoint vc="1" uspid="288" ordinal="0" offset="49" sl="32" sc="13" el="32" ec="13" bec="0" bev="0" fileid="4" />
                <SequencePoint vc="1" uspid="289" ordinal="0" offset="72" sl="33" sc="9" el="33" ec="9" bec="0" bev="0" fileid="4" />
              </SequencePoints>
              <BranchPoints />
            </Method>
          </Methods>
        </Class>
      </Classes>
    </Module>
  </Modules>
</CoverageSession>